===================== 
LOAD_BALANCER # 1
=====================
LOAD_BALANCER_NAME     = wordpress
LOADBALANCER_DNS       = wordpress-412692837.us-east-1.elb.amazonaws.com
LOAD_BALANCER_MEMBERS  = i-702d711c, i-ca3f6ea6
=====================
INSTANCE#= 1
=====================
INSTANCE_ID         = i-d69b39b8
IMAGE_ID            = ami-3fec7956
INSTANCE_TYPE       = t1.micro
t1.micro = 613 MiB memory, Up to 2 EC2 Compute Units, EBS storage only
PUBLIC_DNS          = ec2-54-224-91-22.compute-1.amazonaws.com
PRIVATE_DNS         = ip-10-196-45-126.ec2.internal
PUBLIC_IP_ADDR      = 54.224.91.22
PRIVATE_IP_ADDR     = 10.196.45.126
TYPE_OF_ROOT_DEVICE = xen
=====================
INSTANCE#= 2
=====================
INSTANCE_ID         = i-702d711c
IMAGE_ID            = ami-3fec7956
INSTANCE_TYPE       = m1.small
m1.small = 1.7 GiB memory, 1 EC2 Compute Unit, 160 GB instance storage
PUBLIC_DNS          = ec2-204-236-240-191.compute-1.amazonaws.com
PRIVATE_DNS         = ip-10-68-70-3.ec2.internal
PUBLIC_IP_ADDR      = 204.236.240.191
PRIVATE_IP_ADDR     = 10.68.70.3
TYPE_OF_ROOT_DEVICE = xen
=====================
INSTANCE#= 3
=====================
INSTANCE_ID         = i-ca3f6ea6
IMAGE_ID            = ami-3fec7956
INSTANCE_TYPE       = m1.small
m1.small = 1.7 GiB memory, 1 EC2 Compute Unit, 160 GB instance storage
PUBLIC_DNS          = ec2-54-224-76-241.compute-1.amazonaws.com
PRIVATE_DNS         = domU-12-31-39-10-6D-AE.compute-1.internal
PUBLIC_IP_ADDR      = 54.224.76.241
PRIVATE_IP_ADDR     = 10.198.110.92
TYPE_OF_ROOT_DEVICE = xen
=====================
